<?xml version="1.0" encoding="UTF-8"?>
<testsuite xmlns:xsi="http://www.w3.org/2001/XMLSchema-instance" xsi:noNamespaceSchemaLocation="https://maven.apache.org/surefire/maven-surefire-plugin/xsd/surefire-test-report.xsd" name="es.codeurjc.ais.tictactoe.WebAppContainerTest" time="152.927" tests="3" errors="3" skipped="0" failures="0">
  <properties>
    <property name="sun.desktop" value="gnome"/>
    <property name="awt.toolkit" value="sun.awt.X11.XToolkit"/>
    <property name="file.encoding.pkg" value="sun.io"/>
    <property name="java.specification.version" value="1.8"/>
    <property name="sun.cpu.isalist" value=""/>
    <property name="sun.jnu.encoding" value="UTF-8"/>
    <property name="java.class.path" value="/home/osboxes/awesome-project/target/test-classes:/home/osboxes/awesome-project/target/classes:/home/osboxes/.m2/repository/org/springframework/boot/spring-boot-starter-websocket/2.1.3.RELEASE/spring-boot-starter-websocket-2.1.3.RELEASE.jar:/home/osboxes/.m2/repository/org/springframework/spring-messaging/5.1.5.RELEASE/spring-messaging-5.1.5.RELEASE.jar:/home/osboxes/.m2/repository/org/springframework/spring-beans/5.1.5.RELEASE/spring-beans-5.1.5.RELEASE.jar:/home/osboxes/.m2/repository/org/springframework/spring-core/5.1.5.RELEASE/spring-core-5.1.5.RELEASE.jar:/home/osboxes/.m2/repository/org/springframework/spring-jcl/5.1.5.RELEASE/spring-jcl-5.1.5.RELEASE.jar:/home/osboxes/.m2/repository/org/springframework/spring-websocket/5.1.5.RELEASE/spring-websocket-5.1.5.RELEASE.jar:/home/osboxes/.m2/repository/org/springframework/spring-context/5.1.5.RELEASE/spring-context-5.1.5.RELEASE.jar:/home/osboxes/.m2/repository/org/springframework/boot/spring-boot-devtools/2.1.3.RELEASE/spring-boot-devtools-2.1.3.RELEASE.jar:/home/osboxes/.m2/repository/org/springframework/boot/spring-boot/2.1.3.RELEASE/spring-boot-2.1.3.RELEASE.jar:/home/osboxes/.m2/repository/org/springframework/boot/spring-boot-autoconfigure/2.1.3.RELEASE/spring-boot-autoconfigure-2.1.3.RELEASE.jar:/home/osboxes/.m2/repository/org/springframework/boot/spring-boot-starter-web/2.1.3.RELEASE/spring-boot-starter-web-2.1.3.RELEASE.jar:/home/osboxes/.m2/repository/org/springframework/boot/spring-boot-starter/2.1.3.RELEASE/spring-boot-starter-2.1.3.RELEASE.jar:/home/osboxes/.m2/repository/org/springframework/boot/spring-boot-starter-logging/2.1.3.RELEASE/spring-boot-starter-logging-2.1.3.RELEASE.jar:/home/osboxes/.m2/repository/ch/qos/logback/logback-classic/1.2.3/logback-classic-1.2.3.jar:/home/osboxes/.m2/repository/ch/qos/logback/logback-core/1.2.3/logback-core-1.2.3.jar:/home/osboxes/.m2/repository/org/apache/logging/log4j/log4j-to-slf4j/2.11.2/log4j-to-slf4j-2.11.2.jar:/home/osboxes/.m2/repository/org/apache/logging/log4j/log4j-api/2.11.2/log4j-api-2.11.2.jar:/home/osboxes/.m2/repository/org/slf4j/jul-to-slf4j/1.7.25/jul-to-slf4j-1.7.25.jar:/home/osboxes/.m2/repository/org/yaml/snakeyaml/1.23/snakeyaml-1.23.jar:/home/osboxes/.m2/repository/org/springframework/boot/spring-boot-starter-json/2.1.3.RELEASE/spring-boot-starter-json-2.1.3.RELEASE.jar:/home/osboxes/.m2/repository/com/fasterxml/jackson/core/jackson-databind/2.9.8/jackson-databind-2.9.8.jar:/home/osboxes/.m2/repository/com/fasterxml/jackson/core/jackson-annotations/2.9.0/jackson-annotations-2.9.0.jar:/home/osboxes/.m2/repository/com/fasterxml/jackson/core/jackson-core/2.9.8/jackson-core-2.9.8.jar:/home/osboxes/.m2/repository/com/fasterxml/jackson/datatype/jackson-datatype-jdk8/2.9.8/jackson-datatype-jdk8-2.9.8.jar:/home/osboxes/.m2/repository/com/fasterxml/jackson/datatype/jackson-datatype-jsr310/2.9.8/jackson-datatype-jsr310-2.9.8.jar:/home/osboxes/.m2/repository/com/fasterxml/jackson/module/jackson-module-parameter-names/2.9.8/jackson-module-parameter-names-2.9.8.jar:/home/osboxes/.m2/repository/org/springframework/boot/spring-boot-starter-tomcat/2.1.3.RELEASE/spring-boot-starter-tomcat-2.1.3.RELEASE.jar:/home/osboxes/.m2/repository/org/apache/tomcat/embed/tomcat-embed-core/9.0.16/tomcat-embed-core-9.0.16.jar:/home/osboxes/.m2/repository/org/apache/tomcat/embed/tomcat-embed-el/9.0.16/tomcat-embed-el-9.0.16.jar:/home/osboxes/.m2/repository/org/apache/tomcat/embed/tomcat-embed-websocket/9.0.16/tomcat-embed-websocket-9.0.16.jar:/home/osboxes/.m2/repository/org/hibernate/validator/hibernate-validator/6.0.14.Final/hibernate-validator-6.0.14.Final.jar:/home/osboxes/.m2/repository/javax/validation/validation-api/2.0.1.Final/validation-api-2.0.1.Final.jar:/home/osboxes/.m2/repository/org/jboss/logging/jboss-logging/3.3.2.Final/jboss-logging-3.3.2.Final.jar:/home/osboxes/.m2/repository/com/fasterxml/classmate/1.4.0/classmate-1.4.0.jar:/home/osboxes/.m2/repository/org/springframework/spring-web/5.1.5.RELEASE/spring-web-5.1.5.RELEASE.jar:/home/osboxes/.m2/repository/org/springframework/spring-webmvc/5.1.5.RELEASE/spring-webmvc-5.1.5.RELEASE.jar:/home/osboxes/.m2/repository/org/springframework/spring-aop/5.1.5.RELEASE/spring-aop-5.1.5.RELEASE.jar:/home/osboxes/.m2/repository/org/springframework/spring-expression/5.1.5.RELEASE/spring-expression-5.1.5.RELEASE.jar:/home/osboxes/.m2/repository/org/springframework/boot/spring-boot-starter-mustache/2.1.3.RELEASE/spring-boot-starter-mustache-2.1.3.RELEASE.jar:/home/osboxes/.m2/repository/com/samskivert/jmustache/1.14/jmustache-1.14.jar:/home/osboxes/.m2/repository/org/springframework/boot/spring-boot-starter-actuator/2.1.3.RELEASE/spring-boot-starter-actuator-2.1.3.RELEASE.jar:/home/osboxes/.m2/repository/org/springframework/boot/spring-boot-actuator-autoconfigure/2.1.3.RELEASE/spring-boot-actuator-autoconfigure-2.1.3.RELEASE.jar:/home/osboxes/.m2/repository/org/springframework/boot/spring-boot-actuator/2.1.3.RELEASE/spring-boot-actuator-2.1.3.RELEASE.jar:/home/osboxes/.m2/repository/io/micrometer/micrometer-core/1.1.3/micrometer-core-1.1.3.jar:/home/osboxes/.m2/repository/org/hdrhistogram/HdrHistogram/2.1.9/HdrHistogram-2.1.9.jar:/home/osboxes/.m2/repository/org/latencyutils/LatencyUtils/2.0.3/LatencyUtils-2.0.3.jar:/home/osboxes/.m2/repository/org/mockito/mockito-core/2.13.0/mockito-core-2.13.0.jar:/home/osboxes/.m2/repository/net/bytebuddy/byte-buddy/1.9.10/byte-buddy-1.9.10.jar:/home/osboxes/.m2/repository/net/bytebuddy/byte-buddy-agent/1.9.10/byte-buddy-agent-1.9.10.jar:/home/osboxes/.m2/repository/org/objenesis/objenesis/2.6/objenesis-2.6.jar:/home/osboxes/.m2/repository/io/github/bonigarcia/webdrivermanager/3.3.0/webdrivermanager-3.3.0.jar:/home/osboxes/.m2/repository/org/slf4j/slf4j-api/1.7.25/slf4j-api-1.7.25.jar:/home/osboxes/.m2/repository/commons-io/commons-io/2.6/commons-io-2.6.jar:/home/osboxes/.m2/repository/com/google/code/gson/gson/2.8.5/gson-2.8.5.jar:/home/osboxes/.m2/repository/org/apache/commons/commons-lang3/3.8.1/commons-lang3-3.8.1.jar:/home/osboxes/.m2/repository/org/apache/httpcomponents/httpclient/4.5.7/httpclient-4.5.7.jar:/home/osboxes/.m2/repository/org/apache/httpcomponents/httpcore/4.4.11/httpcore-4.4.11.jar:/home/osboxes/.m2/repository/commons-codec/commons-codec/1.11/commons-codec-1.11.jar:/home/osboxes/.m2/repository/org/rauschig/jarchivelib/1.0.0/jarchivelib-1.0.0.jar:/home/osboxes/.m2/repository/org/jsoup/jsoup/1.11.3/jsoup-1.11.3.jar:/home/osboxes/.m2/repository/org/seleniumhq/selenium/selenium-java/3.141.59/selenium-java-3.141.59.jar:/home/osboxes/.m2/repository/org/seleniumhq/selenium/selenium-api/3.14.0/selenium-api-3.14.0.jar:/home/osboxes/.m2/repository/org/seleniumhq/selenium/selenium-chrome-driver/3.14.0/selenium-chrome-driver-3.14.0.jar:/home/osboxes/.m2/repository/commons-logging/commons-logging/1.2/commons-logging-1.2.jar:/home/osboxes/.m2/repository/org/seleniumhq/selenium/selenium-edge-driver/3.14.0/selenium-edge-driver-3.14.0.jar:/home/osboxes/.m2/repository/org/seleniumhq/selenium/selenium-firefox-driver/3.14.0/selenium-firefox-driver-3.14.0.jar:/home/osboxes/.m2/repository/org/seleniumhq/selenium/selenium-ie-driver/3.14.0/selenium-ie-driver-3.14.0.jar:/home/osboxes/.m2/repository/org/seleniumhq/selenium/selenium-opera-driver/3.14.0/selenium-opera-driver-3.14.0.jar:/home/osboxes/.m2/repository/org/seleniumhq/selenium/selenium-remote-driver/3.14.0/selenium-remote-driver-3.14.0.jar:/home/osboxes/.m2/repository/org/seleniumhq/selenium/selenium-safari-driver/3.14.0/selenium-safari-driver-3.14.0.jar:/home/osboxes/.m2/repository/org/seleniumhq/selenium/selenium-support/3.14.0/selenium-support-3.14.0.jar:/home/osboxes/.m2/repository/org/apache/commons/commons-exec/1.3/commons-exec-1.3.jar:/home/osboxes/.m2/repository/com/google/guava/guava/25.0-jre/guava-25.0-jre.jar:/home/osboxes/.m2/repository/com/google/code/findbugs/jsr305/1.3.9/jsr305-1.3.9.jar:/home/osboxes/.m2/repository/org/checkerframework/checker-compat-qual/2.0.0/checker-compat-qual-2.0.0.jar:/home/osboxes/.m2/repository/com/google/errorprone/error_prone_annotations/2.1.3/error_prone_annotations-2.1.3.jar:/home/osboxes/.m2/repository/com/google/j2objc/j2objc-annotations/1.1/j2objc-annotations-1.1.jar:/home/osboxes/.m2/repository/org/codehaus/mojo/animal-sniffer-annotations/1.14/animal-sniffer-annotations-1.14.jar:/home/osboxes/.m2/repository/com/squareup/okhttp3/okhttp/3.11.0/okhttp-3.11.0.jar:/home/osboxes/.m2/repository/com/squareup/okio/okio/1.14.0/okio-1.14.0.jar:/home/osboxes/.m2/repository/junit/junit/4.12/junit-4.12.jar:/home/osboxes/.m2/repository/org/hamcrest/hamcrest-core/1.3/hamcrest-core-1.3.jar:/home/osboxes/.m2/repository/org/assertj/assertj-core/3.8.0/assertj-core-3.8.0.jar:/home/osboxes/.m2/repository/org/testcontainers/testcontainers/1.10.6/testcontainers-1.10.6.jar:/home/osboxes/.m2/repository/org/jetbrains/annotations/16.0.3/annotations-16.0.3.jar:/home/osboxes/.m2/repository/javax/annotation/javax.annotation-api/1.3.2/javax.annotation-api-1.3.2.jar:/home/osboxes/.m2/repository/org/apache/commons/commons-compress/1.18/commons-compress-1.18.jar:/home/osboxes/.m2/repository/javax/xml/bind/jaxb-api/2.3.1/jaxb-api-2.3.1.jar:/home/osboxes/.m2/repository/javax/activation/javax.activation-api/1.2.0/javax.activation-api-1.2.0.jar:/home/osboxes/.m2/repository/org/rnorth/duct-tape/duct-tape/1.0.7/duct-tape-1.0.7.jar:/home/osboxes/.m2/repository/org/rnorth/visible-assertions/visible-assertions/2.1.2/visible-assertions-2.1.2.jar:/home/osboxes/.m2/repository/net/java/dev/jna/jna/4.5.2/jna-4.5.2.jar:/home/osboxes/.m2/repository/org/rnorth/tcp-unix-socket-proxy/1.0.2/tcp-unix-socket-proxy-1.0.2.jar:/home/osboxes/.m2/repository/com/kohlschutter/junixsocket/junixsocket-native-common/2.0.4/junixsocket-native-common-2.0.4.jar:/home/osboxes/.m2/repository/org/scijava/native-lib-loader/2.0.2/native-lib-loader-2.0.2.jar:/home/osboxes/.m2/repository/com/kohlschutter/junixsocket/junixsocket-common/2.0.4/junixsocket-common-2.0.4.jar:/home/osboxes/.m2/repository/net/java/dev/jna/jna-platform/4.5.2/jna-platform-4.5.2.jar:/home/osboxes/.m2/repository/org/testcontainers/selenium/1.10.6/selenium-1.10.6.jar:"/>
    <property name="java.vm.vendor" value="Oracle Corporation"/>
    <property name="sun.arch.data.model" value="64"/>
    <property name="java.vendor.url" value="http://java.oracle.com/"/>
    <property name="user.timezone" value=""/>
    <property name="java.vm.specification.version" value="1.8"/>
    <property name="os.name" value="Linux"/>
    <property name="user.country" value="GB"/>
    <property name="sun.java.launcher" value="SUN_STANDARD"/>
    <property name="sun.boot.library.path" value="/usr/lib/jvm/java-8-openjdk-amd64/jre/lib/amd64"/>
    <property name="sun.java.command" value="/home/osboxes/awesome-project/target/surefire/surefirebooter8269578614565502879.jar /home/osboxes/awesome-project/target/surefire 2019-05-24T08-52-17_065-jvmRun1 surefire5509689317572129002tmp surefire_06891498412864761818tmp"/>
    <property name="surefire.test.class.path" value="/home/osboxes/awesome-project/target/test-classes:/home/osboxes/awesome-project/target/classes:/home/osboxes/.m2/repository/org/springframework/boot/spring-boot-starter-websocket/2.1.3.RELEASE/spring-boot-starter-websocket-2.1.3.RELEASE.jar:/home/osboxes/.m2/repository/org/springframework/spring-messaging/5.1.5.RELEASE/spring-messaging-5.1.5.RELEASE.jar:/home/osboxes/.m2/repository/org/springframework/spring-beans/5.1.5.RELEASE/spring-beans-5.1.5.RELEASE.jar:/home/osboxes/.m2/repository/org/springframework/spring-core/5.1.5.RELEASE/spring-core-5.1.5.RELEASE.jar:/home/osboxes/.m2/repository/org/springframework/spring-jcl/5.1.5.RELEASE/spring-jcl-5.1.5.RELEASE.jar:/home/osboxes/.m2/repository/org/springframework/spring-websocket/5.1.5.RELEASE/spring-websocket-5.1.5.RELEASE.jar:/home/osboxes/.m2/repository/org/springframework/spring-context/5.1.5.RELEASE/spring-context-5.1.5.RELEASE.jar:/home/osboxes/.m2/repository/org/springframework/boot/spring-boot-devtools/2.1.3.RELEASE/spring-boot-devtools-2.1.3.RELEASE.jar:/home/osboxes/.m2/repository/org/springframework/boot/spring-boot/2.1.3.RELEASE/spring-boot-2.1.3.RELEASE.jar:/home/osboxes/.m2/repository/org/springframework/boot/spring-boot-autoconfigure/2.1.3.RELEASE/spring-boot-autoconfigure-2.1.3.RELEASE.jar:/home/osboxes/.m2/repository/org/springframework/boot/spring-boot-starter-web/2.1.3.RELEASE/spring-boot-starter-web-2.1.3.RELEASE.jar:/home/osboxes/.m2/repository/org/springframework/boot/spring-boot-starter/2.1.3.RELEASE/spring-boot-starter-2.1.3.RELEASE.jar:/home/osboxes/.m2/repository/org/springframework/boot/spring-boot-starter-logging/2.1.3.RELEASE/spring-boot-starter-logging-2.1.3.RELEASE.jar:/home/osboxes/.m2/repository/ch/qos/logback/logback-classic/1.2.3/logback-classic-1.2.3.jar:/home/osboxes/.m2/repository/ch/qos/logback/logback-core/1.2.3/logback-core-1.2.3.jar:/home/osboxes/.m2/repository/org/apache/logging/log4j/log4j-to-slf4j/2.11.2/log4j-to-slf4j-2.11.2.jar:/home/osboxes/.m2/repository/org/apache/logging/log4j/log4j-api/2.11.2/log4j-api-2.11.2.jar:/home/osboxes/.m2/repository/org/slf4j/jul-to-slf4j/1.7.25/jul-to-slf4j-1.7.25.jar:/home/osboxes/.m2/repository/org/yaml/snakeyaml/1.23/snakeyaml-1.23.jar:/home/osboxes/.m2/repository/org/springframework/boot/spring-boot-starter-json/2.1.3.RELEASE/spring-boot-starter-json-2.1.3.RELEASE.jar:/home/osboxes/.m2/repository/com/fasterxml/jackson/core/jackson-databind/2.9.8/jackson-databind-2.9.8.jar:/home/osboxes/.m2/repository/com/fasterxml/jackson/core/jackson-annotations/2.9.0/jackson-annotations-2.9.0.jar:/home/osboxes/.m2/repository/com/fasterxml/jackson/core/jackson-core/2.9.8/jackson-core-2.9.8.jar:/home/osboxes/.m2/repository/com/fasterxml/jackson/datatype/jackson-datatype-jdk8/2.9.8/jackson-datatype-jdk8-2.9.8.jar:/home/osboxes/.m2/repository/com/fasterxml/jackson/datatype/jackson-datatype-jsr310/2.9.8/jackson-datatype-jsr310-2.9.8.jar:/home/osboxes/.m2/repository/com/fasterxml/jackson/module/jackson-module-parameter-names/2.9.8/jackson-module-parameter-names-2.9.8.jar:/home/osboxes/.m2/repository/org/springframework/boot/spring-boot-starter-tomcat/2.1.3.RELEASE/spring-boot-starter-tomcat-2.1.3.RELEASE.jar:/home/osboxes/.m2/repository/org/apache/tomcat/embed/tomcat-embed-core/9.0.16/tomcat-embed-core-9.0.16.jar:/home/osboxes/.m2/repository/org/apache/tomcat/embed/tomcat-embed-el/9.0.16/tomcat-embed-el-9.0.16.jar:/home/osboxes/.m2/repository/org/apache/tomcat/embed/tomcat-embed-websocket/9.0.16/tomcat-embed-websocket-9.0.16.jar:/home/osboxes/.m2/repository/org/hibernate/validator/hibernate-validator/6.0.14.Final/hibernate-validator-6.0.14.Final.jar:/home/osboxes/.m2/repository/javax/validation/validation-api/2.0.1.Final/validation-api-2.0.1.Final.jar:/home/osboxes/.m2/repository/org/jboss/logging/jboss-logging/3.3.2.Final/jboss-logging-3.3.2.Final.jar:/home/osboxes/.m2/repository/com/fasterxml/classmate/1.4.0/classmate-1.4.0.jar:/home/osboxes/.m2/repository/org/springframework/spring-web/5.1.5.RELEASE/spring-web-5.1.5.RELEASE.jar:/home/osboxes/.m2/repository/org/springframework/spring-webmvc/5.1.5.RELEASE/spring-webmvc-5.1.5.RELEASE.jar:/home/osboxes/.m2/repository/org/springframework/spring-aop/5.1.5.RELEASE/spring-aop-5.1.5.RELEASE.jar:/home/osboxes/.m2/repository/org/springframework/spring-expression/5.1.5.RELEASE/spring-expression-5.1.5.RELEASE.jar:/home/osboxes/.m2/repository/org/springframework/boot/spring-boot-starter-mustache/2.1.3.RELEASE/spring-boot-starter-mustache-2.1.3.RELEASE.jar:/home/osboxes/.m2/repository/com/samskivert/jmustache/1.14/jmustache-1.14.jar:/home/osboxes/.m2/repository/org/springframework/boot/spring-boot-starter-actuator/2.1.3.RELEASE/spring-boot-starter-actuator-2.1.3.RELEASE.jar:/home/osboxes/.m2/repository/org/springframework/boot/spring-boot-actuator-autoconfigure/2.1.3.RELEASE/spring-boot-actuator-autoconfigure-2.1.3.RELEASE.jar:/home/osboxes/.m2/repository/org/springframework/boot/spring-boot-actuator/2.1.3.RELEASE/spring-boot-actuator-2.1.3.RELEASE.jar:/home/osboxes/.m2/repository/io/micrometer/micrometer-core/1.1.3/micrometer-core-1.1.3.jar:/home/osboxes/.m2/repository/org/hdrhistogram/HdrHistogram/2.1.9/HdrHistogram-2.1.9.jar:/home/osboxes/.m2/repository/org/latencyutils/LatencyUtils/2.0.3/LatencyUtils-2.0.3.jar:/home/osboxes/.m2/repository/org/mockito/mockito-core/2.13.0/mockito-core-2.13.0.jar:/home/osboxes/.m2/repository/net/bytebuddy/byte-buddy/1.9.10/byte-buddy-1.9.10.jar:/home/osboxes/.m2/repository/net/bytebuddy/byte-buddy-agent/1.9.10/byte-buddy-agent-1.9.10.jar:/home/osboxes/.m2/repository/org/objenesis/objenesis/2.6/objenesis-2.6.jar:/home/osboxes/.m2/repository/io/github/bonigarcia/webdrivermanager/3.3.0/webdrivermanager-3.3.0.jar:/home/osboxes/.m2/repository/org/slf4j/slf4j-api/1.7.25/slf4j-api-1.7.25.jar:/home/osboxes/.m2/repository/commons-io/commons-io/2.6/commons-io-2.6.jar:/home/osboxes/.m2/repository/com/google/code/gson/gson/2.8.5/gson-2.8.5.jar:/home/osboxes/.m2/repository/org/apache/commons/commons-lang3/3.8.1/commons-lang3-3.8.1.jar:/home/osboxes/.m2/repository/org/apache/httpcomponents/httpclient/4.5.7/httpclient-4.5.7.jar:/home/osboxes/.m2/repository/org/apache/httpcomponents/httpcore/4.4.11/httpcore-4.4.11.jar:/home/osboxes/.m2/repository/commons-codec/commons-codec/1.11/commons-codec-1.11.jar:/home/osboxes/.m2/repository/org/rauschig/jarchivelib/1.0.0/jarchivelib-1.0.0.jar:/home/osboxes/.m2/repository/org/jsoup/jsoup/1.11.3/jsoup-1.11.3.jar:/home/osboxes/.m2/repository/org/seleniumhq/selenium/selenium-java/3.141.59/selenium-java-3.141.59.jar:/home/osboxes/.m2/repository/org/seleniumhq/selenium/selenium-api/3.14.0/selenium-api-3.14.0.jar:/home/osboxes/.m2/repository/org/seleniumhq/selenium/selenium-chrome-driver/3.14.0/selenium-chrome-driver-3.14.0.jar:/home/osboxes/.m2/repository/commons-logging/commons-logging/1.2/commons-logging-1.2.jar:/home/osboxes/.m2/repository/org/seleniumhq/selenium/selenium-edge-driver/3.14.0/selenium-edge-driver-3.14.0.jar:/home/osboxes/.m2/repository/org/seleniumhq/selenium/selenium-firefox-driver/3.14.0/selenium-firefox-driver-3.14.0.jar:/home/osboxes/.m2/repository/org/seleniumhq/selenium/selenium-ie-driver/3.14.0/selenium-ie-driver-3.14.0.jar:/home/osboxes/.m2/repository/org/seleniumhq/selenium/selenium-opera-driver/3.14.0/selenium-opera-driver-3.14.0.jar:/home/osboxes/.m2/repository/org/seleniumhq/selenium/selenium-remote-driver/3.14.0/selenium-remote-driver-3.14.0.jar:/home/osboxes/.m2/repository/org/seleniumhq/selenium/selenium-safari-driver/3.14.0/selenium-safari-driver-3.14.0.jar:/home/osboxes/.m2/repository/org/seleniumhq/selenium/selenium-support/3.14.0/selenium-support-3.14.0.jar:/home/osboxes/.m2/repository/org/apache/commons/commons-exec/1.3/commons-exec-1.3.jar:/home/osboxes/.m2/repository/com/google/guava/guava/25.0-jre/guava-25.0-jre.jar:/home/osboxes/.m2/repository/com/google/code/findbugs/jsr305/1.3.9/jsr305-1.3.9.jar:/home/osboxes/.m2/repository/org/checkerframework/checker-compat-qual/2.0.0/checker-compat-qual-2.0.0.jar:/home/osboxes/.m2/repository/com/google/errorprone/error_prone_annotations/2.1.3/error_prone_annotations-2.1.3.jar:/home/osboxes/.m2/repository/com/google/j2objc/j2objc-annotations/1.1/j2objc-annotations-1.1.jar:/home/osboxes/.m2/repository/org/codehaus/mojo/animal-sniffer-annotations/1.14/animal-sniffer-annotations-1.14.jar:/home/osboxes/.m2/repository/com/squareup/okhttp3/okhttp/3.11.0/okhttp-3.11.0.jar:/home/osboxes/.m2/repository/com/squareup/okio/okio/1.14.0/okio-1.14.0.jar:/home/osboxes/.m2/repository/junit/junit/4.12/junit-4.12.jar:/home/osboxes/.m2/repository/org/hamcrest/hamcrest-core/1.3/hamcrest-core-1.3.jar:/home/osboxes/.m2/repository/org/assertj/assertj-core/3.8.0/assertj-core-3.8.0.jar:/home/osboxes/.m2/repository/org/testcontainers/testcontainers/1.10.6/testcontainers-1.10.6.jar:/home/osboxes/.m2/repository/org/jetbrains/annotations/16.0.3/annotations-16.0.3.jar:/home/osboxes/.m2/repository/javax/annotation/javax.annotation-api/1.3.2/javax.annotation-api-1.3.2.jar:/home/osboxes/.m2/repository/org/apache/commons/commons-compress/1.18/commons-compress-1.18.jar:/home/osboxes/.m2/repository/javax/xml/bind/jaxb-api/2.3.1/jaxb-api-2.3.1.jar:/home/osboxes/.m2/repository/javax/activation/javax.activation-api/1.2.0/javax.activation-api-1.2.0.jar:/home/osboxes/.m2/repository/org/rnorth/duct-tape/duct-tape/1.0.7/duct-tape-1.0.7.jar:/home/osboxes/.m2/repository/org/rnorth/visible-assertions/visible-assertions/2.1.2/visible-assertions-2.1.2.jar:/home/osboxes/.m2/repository/net/java/dev/jna/jna/4.5.2/jna-4.5.2.jar:/home/osboxes/.m2/repository/org/rnorth/tcp-unix-socket-proxy/1.0.2/tcp-unix-socket-proxy-1.0.2.jar:/home/osboxes/.m2/repository/com/kohlschutter/junixsocket/junixsocket-native-common/2.0.4/junixsocket-native-common-2.0.4.jar:/home/osboxes/.m2/repository/org/scijava/native-lib-loader/2.0.2/native-lib-loader-2.0.2.jar:/home/osboxes/.m2/repository/com/kohlschutter/junixsocket/junixsocket-common/2.0.4/junixsocket-common-2.0.4.jar:/home/osboxes/.m2/repository/net/java/dev/jna/jna-platform/4.5.2/jna-platform-4.5.2.jar:/home/osboxes/.m2/repository/org/testcontainers/selenium/1.10.6/selenium-1.10.6.jar:"/>
    <property name="sun.cpu.endian" value="little"/>
    <property name="user.home" value="/home/osboxes"/>
    <property name="user.language" value="en"/>
    <property name="java.specification.vendor" value="Oracle Corporation"/>
    <property name="java.home" value="/usr/lib/jvm/java-8-openjdk-amd64/jre"/>
    <property name="basedir" value="/home/osboxes/awesome-project"/>
    <property name="file.separator" value="/"/>
    <property name="line.separator" value="&#10;"/>
    <property name="java.vm.specification.vendor" value="Oracle Corporation"/>
    <property name="java.specification.name" value="Java Platform API Specification"/>
    <property name="java.awt.graphicsenv" value="sun.awt.X11GraphicsEnvironment"/>
    <property name="surefire.real.class.path" value="/home/osboxes/awesome-project/target/surefire/surefirebooter8269578614565502879.jar"/>
    <property name="sun.boot.class.path" value="/usr/lib/jvm/java-8-openjdk-amd64/jre/lib/resources.jar:/usr/lib/jvm/java-8-openjdk-amd64/jre/lib/rt.jar:/usr/lib/jvm/java-8-openjdk-amd64/jre/lib/sunrsasign.jar:/usr/lib/jvm/java-8-openjdk-amd64/jre/lib/jsse.jar:/usr/lib/jvm/java-8-openjdk-amd64/jre/lib/jce.jar:/usr/lib/jvm/java-8-openjdk-amd64/jre/lib/charsets.jar:/usr/lib/jvm/java-8-openjdk-amd64/jre/lib/jfr.jar:/usr/lib/jvm/java-8-openjdk-amd64/jre/classes"/>
    <property name="sun.management.compiler" value="HotSpot 64-Bit Tiered Compilers"/>
    <property name="java.runtime.version" value="1.8.0_212-8u212-b03-0ubuntu1.18.10.1-b03"/>
    <property name="user.name" value="osboxes"/>
    <property name="path.separator" value=":"/>
    <property name="os.version" value="4.18.0-17-generic"/>
    <property name="java.endorsed.dirs" value="/usr/lib/jvm/java-8-openjdk-amd64/jre/lib/endorsed"/>
    <property name="java.runtime.name" value="OpenJDK Runtime Environment"/>
    <property name="file.encoding" value="UTF-8"/>
    <property name="java.vm.name" value="OpenJDK 64-Bit Server VM"/>
    <property name="localRepository" value="/home/osboxes/.m2/repository"/>
    <property name="java.vendor.url.bug" value="http://bugreport.sun.com/bugreport/"/>
    <property name="java.io.tmpdir" value="/tmp"/>
    <property name="java.version" value="1.8.0_212"/>
    <property name="user.dir" value="/home/osboxes/awesome-project"/>
    <property name="os.arch" value="amd64"/>
    <property name="java.vm.specification.name" value="Java Virtual Machine Specification"/>
    <property name="java.awt.printerjob" value="sun.print.PSPrinterJob"/>
    <property name="sun.os.patch.level" value="unknown"/>
    <property name="java.library.path" value="/usr/java/packages/lib/amd64:/usr/lib/x86_64-linux-gnu/jni:/lib/x86_64-linux-gnu:/usr/lib/x86_64-linux-gnu:/usr/lib/jni:/lib:/usr/lib"/>
    <property name="java.vm.info" value="mixed mode"/>
    <property name="java.vendor" value="Oracle Corporation"/>
    <property name="java.vm.version" value="25.212-b03"/>
    <property name="java.ext.dirs" value="/usr/lib/jvm/java-8-openjdk-amd64/jre/lib/ext:/usr/java/packages/lib/ext"/>
    <property name="sun.io.unicode.encoding" value="UnicodeLittle"/>
    <property name="java.class.version" value="52.0"/>
  </properties>
  <testcase name="test[0: J2 wins! J1 looses.]" classname="es.codeurjc.ais.tictactoe.WebAppContainerTest" time="47.63">
    <error message="no such element: Unable to locate element: {&quot;method&quot;:&quot;id&quot;,&quot;selector&quot;:&quot;nickname&quot;}&#10;  (Session info: chrome=70.0.3538.77)&#10;  (Driver info: chromedriver=2.43.600233 (523efee95e3d68b8719b3a1c83051aa63aa6b10d),platform=Linux 4.18.0-17-generic x86_64) (WARNING: The server did not provide any stacktrace information)&#10;Command duration or timeout: 0 milliseconds&#10;For documentation on this error, please visit: http://seleniumhq.org/exceptions/no_such_element.html&#10;Build info: version: &apos;3.14.0&apos;, revision: &apos;aacccce0&apos;, time: &apos;2018-08-02T20:19:58.91Z&apos;&#10;System info: host: &apos;osboxes&apos;, ip: &apos;127.0.1.1&apos;, os.name: &apos;Linux&apos;, os.arch: &apos;amd64&apos;, os.version: &apos;4.18.0-17-generic&apos;, java.version: &apos;1.8.0_212&apos;&#10;Driver info: org.openqa.selenium.remote.RemoteWebDriver&#10;Capabilities {acceptInsecureCerts: false, acceptSslCerts: false, applicationCacheEnabled: false, browserConnectionEnabled: false, browserName: chrome, chrome: {chromedriverVersion: 2.43.600233 (523efee95e3d68..., userDataDir: /tmp/.org.chromium.Chromium...}, cssSelectorsEnabled: true, databaseEnabled: false, goog:chromeOptions: {debuggerAddress: localhost:42607}, handlesAlerts: true, hasTouchScreen: false, javascriptEnabled: true, locationContextEnabled: true, mobileEmulationEnabled: false, nativeEvents: true, networkConnectionEnabled: false, pageLoadStrategy: normal, platform: LINUX, platformName: LINUX, rotatable: false, setWindowRect: true, takesHeapSnapshot: true, takesScreenshot: true, unexpectedAlertBehaviour: , unhandledPromptBehavior: , version: 70.0.3538.77, webStorageEnabled: true, webdriver.remote.sessionid: 1ff67fb35197057a1dc3aa29249...}&#10;Session ID: 1ff67fb35197057a1dc3aa2924972be3&#10;*** Element info: {Using=id, value=nickname}" type="org.openqa.selenium.NoSuchElementException">org.openqa.selenium.NoSuchElementException: 
no such element: Unable to locate element: {"method":"id","selector":"nickname"}
  (Session info: chrome=70.0.3538.77)
  (Driver info: chromedriver=2.43.600233 (523efee95e3d68b8719b3a1c83051aa63aa6b10d),platform=Linux 4.18.0-17-generic x86_64) (WARNING: The server did not provide any stacktrace information)
Command duration or timeout: 0 milliseconds
For documentation on this error, please visit: http://seleniumhq.org/exceptions/no_such_element.html
Build info: version: '3.14.0', revision: 'aacccce0', time: '2018-08-02T20:19:58.91Z'
System info: host: 'osboxes', ip: '127.0.1.1', os.name: 'Linux', os.arch: 'amd64', os.version: '4.18.0-17-generic', java.version: '1.8.0_212'
Driver info: org.openqa.selenium.remote.RemoteWebDriver
Capabilities {acceptInsecureCerts: false, acceptSslCerts: false, applicationCacheEnabled: false, browserConnectionEnabled: false, browserName: chrome, chrome: {chromedriverVersion: 2.43.600233 (523efee95e3d68..., userDataDir: /tmp/.org.chromium.Chromium...}, cssSelectorsEnabled: true, databaseEnabled: false, goog:chromeOptions: {debuggerAddress: localhost:42607}, handlesAlerts: true, hasTouchScreen: false, javascriptEnabled: true, locationContextEnabled: true, mobileEmulationEnabled: false, nativeEvents: true, networkConnectionEnabled: false, pageLoadStrategy: normal, platform: LINUX, platformName: LINUX, rotatable: false, setWindowRect: true, takesHeapSnapshot: true, takesScreenshot: true, unexpectedAlertBehaviour: , unhandledPromptBehavior: , version: 70.0.3538.77, webStorageEnabled: true, webdriver.remote.sessionid: 1ff67fb35197057a1dc3aa29249...}
Session ID: 1ff67fb35197057a1dc3aa2924972be3
*** Element info: {Using=id, value=nickname}
	at es.codeurjc.ais.tictactoe.WebAppContainerTest.test(WebAppContainerTest.java:108)
</error>
    <system-out><![CDATA[2019-05-24 08:52:48.255  INFO 537 --- [           main] o.t.d.DockerClientProviderStrategy       : Loaded org.testcontainers.dockerclient.EnvironmentAndSystemPropertyClientProviderStrategy from ~/.testcontainers.properties, will try it first
2019-05-24 08:52:48.385  INFO 537 --- [           main] o.t.d.DockerClientProviderStrategy       : Will use 'okhttp' transport
2019-05-24 08:52:49.148  INFO 537 --- [           main] tAndSystemPropertyClientProviderStrategy : Found docker client settings from environment
2019-05-24 08:52:49.225  INFO 537 --- [           main] o.t.d.DockerClientProviderStrategy       : Found Docker environment with Environment variables, system properties and defaults. Resolved: 
    dockerHost=unix:///var/run/docker.sock
    apiVersion='{UNKNOWN_VERSION}'
    registryUrl='https://index.docker.io/v1/'
    registryUsername='osboxes'
    registryPassword='null'
    registryEmail='null'
    dockerConfig='DefaultDockerClientConfig[dockerHost=unix:///var/run/docker.sock,registryUsername=osboxes,registryPassword=<null>,registryEmail=<null>,registryUrl=https://index.docker.io/v1/,dockerConfigPath=/home/osboxes/.docker,sslConfig=<null>,apiVersion={UNKNOWN_VERSION},dockerConfig=<null>]'

2019-05-24 08:52:49.232  INFO 537 --- [           main] org.testcontainers.DockerClientFactory   : Docker host IP address is localhost
2019-05-24 08:52:49.808  INFO 537 --- [           main] org.testcontainers.DockerClientFactory   : Connected to docker: 
  Server Version: 18.09.3
  API Version: 1.39
  Operating System: Ubuntu 18.10
  Total Memory: 7976 MB
2019-05-24 08:52:50.018  WARN 537 --- [           main] o.t.utility.RegistryAuthLocator          : Failure when attempting to lookup auth config (dockerImageName: quay.io/testcontainers/ryuk:0.2.2, configFile: /home/osboxes/.docker/config.json. Falling back to docker-java default behaviour. Exception message: /home/osboxes/.docker/config.json (No such file or directory)
2019-05-24 08:52:51.497  INFO 537 --- [           main] org.testcontainers.DockerClientFactory   : Ryuk started - will monitor and terminate Testcontainers containers on JVM exit
        &amp#27;[37m&amp#27;[1mℹ︎ Checking the system...&amp#27;[0m&amp#27;[0m
        &amp#27;[32m✔ Docker version should be at least 1.6.0&amp#27;[0m
        &amp#27;[32m✔ Docker environment should have more than 2GB free disk space&amp#27;[0m
2019-05-24 08:52:52.091  INFO 537 --- [           main] ?.i...]                                  : Pulling docker image: quay.io/testcontainers/sshd@sha256:18aa929c653284189fc9cefa45b731021857b6047a0a1757e909f958f258f088. Please be patient; this may take some time but only needs to be done once.
2019-05-24 08:52:52.100  WARN 537 --- [           main] o.t.utility.RegistryAuthLocator          : Failure when attempting to lookup auth config (dockerImageName: quay.io/testcontainers/sshd:latest, configFile: /home/osboxes/.docker/config.json. Falling back to docker-java default behaviour. Exception message: /home/osboxes/.docker/config.json (No such file or directory)
2019-05-24 08:52:53.551  INFO 537 --- [           main] ?.i...]                                  : Creating container for image: quay.io/testcontainers/sshd@sha256:18aa929c653284189fc9cefa45b731021857b6047a0a1757e909f958f258f088
2019-05-24 08:52:53.552  WARN 537 --- [           main] o.t.utility.RegistryAuthLocator          : Failure when attempting to lookup auth config (dockerImageName: quay.io/testcontainers/sshd@sha256:18aa929c653284189fc9cefa45b731021857b6047a0a1757e909f958f258f088, configFile: /home/osboxes/.docker/config.json. Falling back to docker-java default behaviour. Exception message: /home/osboxes/.docker/config.json (No such file or directory)
2019-05-24 08:52:53.685  INFO 537 --- [           main] ?.i...]                                  : Starting container with ID: 187350ea05a65010a75010ea3b960eaeeac3624a5ead42ca5d8d00ff313ed10b
2019-05-24 08:52:54.503  INFO 537 --- [           main] ?.i...]                                  : Container quay.io/testcontainers/sshd@sha256:18aa929c653284189fc9cefa45b731021857b6047a0a1757e909f958f258f088 is starting: 187350ea05a65010a75010ea3b960eaeeac3624a5ead42ca5d8d00ff313ed10b
2019-05-24 08:52:55.083  INFO 537 --- [           main] ?.i...]                                  : Container quay.io/testcontainers/sshd@sha256:18aa929c653284189fc9cefa45b731021857b6047a0a1757e909f958f258f088 started
2019-05-24 08:52:55.657  INFO 537 --- [           main] o.t.containers.SeleniumUtils             : Selenium API version 3.14.0 detected on classpath
2019-05-24 08:52:55.678  INFO 537 --- [           main] ?.14.0]                                  : Creating container for image: selenium/standalone-chrome-debug:3.14.0
2019-05-24 08:52:55.680  WARN 537 --- [           main] o.t.utility.RegistryAuthLocator          : Failure when attempting to lookup auth config (dockerImageName: selenium/standalone-chrome-debug:3.14.0, configFile: /home/osboxes/.docker/config.json. Falling back to docker-java default behaviour. Exception message: /home/osboxes/.docker/config.json (No such file or directory)
2019-05-24 08:52:56.139  INFO 537 --- [           main] ?.14.0]                                  : Starting container with ID: fb390d27cdff8885dfd426594978a948c49c62d4e18a135c220a08ad08bb83b9
2019-05-24 08:52:57.570  INFO 537 --- [           main] ?.14.0]                                  : Container selenium/standalone-chrome-debug:3.14.0 is starting: fb390d27cdff8885dfd426594978a948c49c62d4e18a135c220a08ad08bb83b9
2019-05-24 08:52:57.598  INFO 537 --- [           main] ?.14.0]                                  : Container selenium/standalone-chrome-debug:3.14.0 started
2019-05-24 08:53:07.594  INFO 537 --- [           main] ?.io/testcontainers/vnc-recorder:1.1.0]  : Creating container for image: quay.io/testcontainers/vnc-recorder:1.1.0
2019-05-24 08:53:07.597  WARN 537 --- [           main] o.t.utility.RegistryAuthLocator          : Failure when attempting to lookup auth config (dockerImageName: quay.io/testcontainers/vnc-recorder:1.1.0, configFile: /home/osboxes/.docker/config.json. Falling back to docker-java default behaviour. Exception message: /home/osboxes/.docker/config.json (No such file or directory)
2019-05-24 08:53:07.708  INFO 537 --- [           main] ?.io/testcontainers/vnc-recorder:1.1.0]  : Starting container with ID: afdf7c1f13294598630b8643cb70b0efbcb0f1d161f51eb443ac9fe575e3810e
2019-05-24 08:53:09.207  INFO 537 --- [           main] ?.io/testcontainers/vnc-recorder:1.1.0]  : Container quay.io/testcontainers/vnc-recorder:1.1.0 is starting: afdf7c1f13294598630b8643cb70b0efbcb0f1d161f51eb443ac9fe575e3810e
2019-05-24 08:53:09.421  INFO 537 --- [           main] ?.io/testcontainers/vnc-recorder:1.1.0]  : Container quay.io/testcontainers/vnc-recorder:1.1.0 started
2019-05-24 08:53:09.472  INFO 537 --- [           main] o.t.containers.SeleniumUtils             : Selenium API version 3.14.0 detected on classpath
2019-05-24 08:53:09.543  INFO 537 --- [           main] ?.14.0]                                  : Creating container for image: selenium/standalone-chrome-debug:3.14.0
2019-05-24 08:53:09.552  WARN 537 --- [           main] o.t.utility.RegistryAuthLocator          : Failure when attempting to lookup auth config (dockerImageName: selenium/standalone-chrome-debug:3.14.0, configFile: /home/osboxes/.docker/config.json. Falling back to docker-java default behaviour. Exception message: /home/osboxes/.docker/config.json (No such file or directory)
2019-05-24 08:53:09.753  INFO 537 --- [           main] ?.14.0]                                  : Starting container with ID: c9e08352342873dfb0042f27c493af61e7f76d0e86c71af6d809578441ee21ca
2019-05-24 08:53:11.495  INFO 537 --- [           main] ?.14.0]                                  : Container selenium/standalone-chrome-debug:3.14.0 is starting: c9e08352342873dfb0042f27c493af61e7f76d0e86c71af6d809578441ee21ca
2019-05-24 08:53:11.546  INFO 537 --- [           main] ?.14.0]                                  : Container selenium/standalone-chrome-debug:3.14.0 started
2019-05-24 08:53:20.883  INFO 537 --- [           main] ?.io/testcontainers/vnc-recorder:1.1.0]  : Creating container for image: quay.io/testcontainers/vnc-recorder:1.1.0
2019-05-24 08:53:20.883  WARN 537 --- [           main] o.t.utility.RegistryAuthLocator          : Failure when attempting to lookup auth config (dockerImageName: quay.io/testcontainers/vnc-recorder:1.1.0, configFile: /home/osboxes/.docker/config.json. Falling back to docker-java default behaviour. Exception message: /home/osboxes/.docker/config.json (No such file or directory)
2019-05-24 08:53:21.021  INFO 537 --- [           main] ?.io/testcontainers/vnc-recorder:1.1.0]  : Starting container with ID: 05cc3ece5a37fa4ee3db9bc0162a6b4d9504489653735dbee4bf1d230670b9d9
2019-05-24 08:53:22.526  INFO 537 --- [           main] ?.io/testcontainers/vnc-recorder:1.1.0]  : Container quay.io/testcontainers/vnc-recorder:1.1.0 is starting: 05cc3ece5a37fa4ee3db9bc0162a6b4d9504489653735dbee4bf1d230670b9d9
2019-05-24 08:53:22.769  INFO 537 --- [           main] ?.io/testcontainers/vnc-recorder:1.1.0]  : Container quay.io/testcontainers/vnc-recorder:1.1.0 started
2019-05-24 08:53:39.257  INFO 537 --- [           main] o.t.c.BrowserWebDriverContainer          : Screen recordings for test es.codeurjc.ais.tictactoe.WebAppContainerTest-test[0: J2 wins! J1 looses.] will be stored at: target/FAILED-es.codeurjc.ais.tictactoe.WebAppContainerTest-test[0: J2 wins! J1 looses.]-20190524-085339.flv
2019-05-24 08:53:41.505  INFO 537 --- [           main] o.t.c.BrowserWebDriverContainer          : Screen recordings for test es.codeurjc.ais.tictactoe.WebAppContainerTest-test[0: J2 wins! J1 looses.] will be stored at: target/FAILED-es.codeurjc.ais.tictactoe.WebAppContainerTest-test[0: J2 wins! J1 looses.]-20190524-085341.flv
]]></system-out>
  </testcase>
  <testcase name="test[1: J1 wins! J2 looses.]" classname="es.codeurjc.ais.tictactoe.WebAppContainerTest" time="47.175">
    <error message="no such element: Unable to locate element: {&quot;method&quot;:&quot;id&quot;,&quot;selector&quot;:&quot;nickname&quot;}&#10;  (Session info: chrome=70.0.3538.77)&#10;  (Driver info: chromedriver=2.43.600233 (523efee95e3d68b8719b3a1c83051aa63aa6b10d),platform=Linux 4.18.0-17-generic x86_64) (WARNING: The server did not provide any stacktrace information)&#10;Command duration or timeout: 0 milliseconds&#10;For documentation on this error, please visit: http://seleniumhq.org/exceptions/no_such_element.html&#10;Build info: version: &apos;3.14.0&apos;, revision: &apos;aacccce0&apos;, time: &apos;2018-08-02T20:19:58.91Z&apos;&#10;System info: host: &apos;osboxes&apos;, ip: &apos;127.0.1.1&apos;, os.name: &apos;Linux&apos;, os.arch: &apos;amd64&apos;, os.version: &apos;4.18.0-17-generic&apos;, java.version: &apos;1.8.0_212&apos;&#10;Driver info: org.openqa.selenium.remote.RemoteWebDriver&#10;Capabilities {acceptInsecureCerts: false, acceptSslCerts: false, applicationCacheEnabled: false, browserConnectionEnabled: false, browserName: chrome, chrome: {chromedriverVersion: 2.43.600233 (523efee95e3d68..., userDataDir: /tmp/.org.chromium.Chromium...}, cssSelectorsEnabled: true, databaseEnabled: false, goog:chromeOptions: {debuggerAddress: localhost:39497}, handlesAlerts: true, hasTouchScreen: false, javascriptEnabled: true, locationContextEnabled: true, mobileEmulationEnabled: false, nativeEvents: true, networkConnectionEnabled: false, pageLoadStrategy: normal, platform: LINUX, platformName: LINUX, rotatable: false, setWindowRect: true, takesHeapSnapshot: true, takesScreenshot: true, unexpectedAlertBehaviour: , unhandledPromptBehavior: , version: 70.0.3538.77, webStorageEnabled: true, webdriver.remote.sessionid: 0bce3735ba59730d13556d88578...}&#10;Session ID: 0bce3735ba59730d13556d885784f4e8&#10;*** Element info: {Using=id, value=nickname}" type="org.openqa.selenium.NoSuchElementException">org.openqa.selenium.NoSuchElementException: 
no such element: Unable to locate element: {"method":"id","selector":"nickname"}
  (Session info: chrome=70.0.3538.77)
  (Driver info: chromedriver=2.43.600233 (523efee95e3d68b8719b3a1c83051aa63aa6b10d),platform=Linux 4.18.0-17-generic x86_64) (WARNING: The server did not provide any stacktrace information)
Command duration or timeout: 0 milliseconds
For documentation on this error, please visit: http://seleniumhq.org/exceptions/no_such_element.html
Build info: version: '3.14.0', revision: 'aacccce0', time: '2018-08-02T20:19:58.91Z'
System info: host: 'osboxes', ip: '127.0.1.1', os.name: 'Linux', os.arch: 'amd64', os.version: '4.18.0-17-generic', java.version: '1.8.0_212'
Driver info: org.openqa.selenium.remote.RemoteWebDriver
Capabilities {acceptInsecureCerts: false, acceptSslCerts: false, applicationCacheEnabled: false, browserConnectionEnabled: false, browserName: chrome, chrome: {chromedriverVersion: 2.43.600233 (523efee95e3d68..., userDataDir: /tmp/.org.chromium.Chromium...}, cssSelectorsEnabled: true, databaseEnabled: false, goog:chromeOptions: {debuggerAddress: localhost:39497}, handlesAlerts: true, hasTouchScreen: false, javascriptEnabled: true, locationContextEnabled: true, mobileEmulationEnabled: false, nativeEvents: true, networkConnectionEnabled: false, pageLoadStrategy: normal, platform: LINUX, platformName: LINUX, rotatable: false, setWindowRect: true, takesHeapSnapshot: true, takesScreenshot: true, unexpectedAlertBehaviour: , unhandledPromptBehavior: , version: 70.0.3538.77, webStorageEnabled: true, webdriver.remote.sessionid: 0bce3735ba59730d13556d88578...}
Session ID: 0bce3735ba59730d13556d885784f4e8
*** Element info: {Using=id, value=nickname}
	at es.codeurjc.ais.tictactoe.WebAppContainerTest.test(WebAppContainerTest.java:108)
</error>
    <system-out><![CDATA[2019-05-24 08:53:43.297  INFO 537 --- [           main] o.t.containers.SeleniumUtils             : Selenium API version 3.14.0 detected on classpath
2019-05-24 08:53:43.307  INFO 537 --- [           main] ?.14.0]                                  : Creating container for image: selenium/standalone-chrome-debug:3.14.0
2019-05-24 08:53:43.312  WARN 537 --- [           main] o.t.utility.RegistryAuthLocator          : Failure when attempting to lookup auth config (dockerImageName: selenium/standalone-chrome-debug:3.14.0, configFile: /home/osboxes/.docker/config.json. Falling back to docker-java default behaviour. Exception message: /home/osboxes/.docker/config.json (No such file or directory)
2019-05-24 08:53:43.485  INFO 537 --- [           main] ?.14.0]                                  : Starting container with ID: d3079feaf5db64ae5f2f68dffdbda42e307c863f8e35be1c5be77e55ad0a5af1
2019-05-24 08:53:44.839  INFO 537 --- [           main] ?.14.0]                                  : Container selenium/standalone-chrome-debug:3.14.0 is starting: d3079feaf5db64ae5f2f68dffdbda42e307c863f8e35be1c5be77e55ad0a5af1
2019-05-24 08:53:44.863  INFO 537 --- [           main] ?.14.0]                                  : Container selenium/standalone-chrome-debug:3.14.0 started
2019-05-24 08:53:53.200  INFO 537 --- [           main] ?.io/testcontainers/vnc-recorder:1.1.0]  : Creating container for image: quay.io/testcontainers/vnc-recorder:1.1.0
2019-05-24 08:53:53.201  WARN 537 --- [           main] o.t.utility.RegistryAuthLocator          : Failure when attempting to lookup auth config (dockerImageName: quay.io/testcontainers/vnc-recorder:1.1.0, configFile: /home/osboxes/.docker/config.json. Falling back to docker-java default behaviour. Exception message: /home/osboxes/.docker/config.json (No such file or directory)
2019-05-24 08:53:53.355  INFO 537 --- [           main] ?.io/testcontainers/vnc-recorder:1.1.0]  : Starting container with ID: 8ae94d960b99b2bf2eff244c6e5afdb14bffbe484aa07abe7d12854980294b16
2019-05-24 08:53:54.623  INFO 537 --- [           main] ?.io/testcontainers/vnc-recorder:1.1.0]  : Container quay.io/testcontainers/vnc-recorder:1.1.0 is starting: 8ae94d960b99b2bf2eff244c6e5afdb14bffbe484aa07abe7d12854980294b16
2019-05-24 08:53:54.832  INFO 537 --- [           main] ?.io/testcontainers/vnc-recorder:1.1.0]  : Container quay.io/testcontainers/vnc-recorder:1.1.0 started
2019-05-24 08:53:54.844  INFO 537 --- [           main] o.t.containers.SeleniumUtils             : Selenium API version 3.14.0 detected on classpath
2019-05-24 08:53:54.868  INFO 537 --- [           main] ?.14.0]                                  : Creating container for image: selenium/standalone-chrome-debug:3.14.0
2019-05-24 08:53:54.875  WARN 537 --- [           main] o.t.utility.RegistryAuthLocator          : Failure when attempting to lookup auth config (dockerImageName: selenium/standalone-chrome-debug:3.14.0, configFile: /home/osboxes/.docker/config.json. Falling back to docker-java default behaviour. Exception message: /home/osboxes/.docker/config.json (No such file or directory)
2019-05-24 08:53:55.111  INFO 537 --- [           main] ?.14.0]                                  : Starting container with ID: 9b6ca8ca1ad829f11e881f388da776a9bdedaea1dde10589338100139c078bfa
2019-05-24 08:53:57.004  INFO 537 --- [           main] ?.14.0]                                  : Container selenium/standalone-chrome-debug:3.14.0 is starting: 9b6ca8ca1ad829f11e881f388da776a9bdedaea1dde10589338100139c078bfa
2019-05-24 08:53:57.029  INFO 537 --- [           main] ?.14.0]                                  : Container selenium/standalone-chrome-debug:3.14.0 started
2019-05-24 08:54:07.215  INFO 537 --- [           main] ?.io/testcontainers/vnc-recorder:1.1.0]  : Creating container for image: quay.io/testcontainers/vnc-recorder:1.1.0
2019-05-24 08:54:07.215  WARN 537 --- [           main] o.t.utility.RegistryAuthLocator          : Failure when attempting to lookup auth config (dockerImageName: quay.io/testcontainers/vnc-recorder:1.1.0, configFile: /home/osboxes/.docker/config.json. Falling back to docker-java default behaviour. Exception message: /home/osboxes/.docker/config.json (No such file or directory)
2019-05-24 08:54:07.354  INFO 537 --- [           main] ?.io/testcontainers/vnc-recorder:1.1.0]  : Starting container with ID: 565005ace531fa223ce8aacbdbf7f2d83ffdfcaf2b02a5d1c9bea5c38c35ba79
2019-05-24 08:54:09.080  INFO 537 --- [           main] ?.io/testcontainers/vnc-recorder:1.1.0]  : Container quay.io/testcontainers/vnc-recorder:1.1.0 is starting: 565005ace531fa223ce8aacbdbf7f2d83ffdfcaf2b02a5d1c9bea5c38c35ba79
2019-05-24 08:54:09.260  INFO 537 --- [           main] ?.io/testcontainers/vnc-recorder:1.1.0]  : Container quay.io/testcontainers/vnc-recorder:1.1.0 started
2019-05-24 08:54:26.187  INFO 537 --- [           main] o.t.c.BrowserWebDriverContainer          : Screen recordings for test es.codeurjc.ais.tictactoe.WebAppContainerTest-test[1: J1 wins! J2 looses.] will be stored at: target/FAILED-es.codeurjc.ais.tictactoe.WebAppContainerTest-test[1: J1 wins! J2 looses.]-20190524-085426.flv
2019-05-24 08:54:28.440  INFO 537 --- [           main] o.t.c.BrowserWebDriverContainer          : Screen recordings for test es.codeurjc.ais.tictactoe.WebAppContainerTest-test[1: J1 wins! J2 looses.] will be stored at: target/FAILED-es.codeurjc.ais.tictactoe.WebAppContainerTest-test[1: J1 wins! J2 looses.]-20190524-085428.flv
]]></system-out>
  </testcase>
  <testcase name="test[2: Draw!]" classname="es.codeurjc.ais.tictactoe.WebAppContainerTest" time="50.621">
    <error message="no such element: Unable to locate element: {&quot;method&quot;:&quot;id&quot;,&quot;selector&quot;:&quot;nickname&quot;}&#10;  (Session info: chrome=70.0.3538.77)&#10;  (Driver info: chromedriver=2.43.600233 (523efee95e3d68b8719b3a1c83051aa63aa6b10d),platform=Linux 4.18.0-17-generic x86_64) (WARNING: The server did not provide any stacktrace information)&#10;Command duration or timeout: 0 milliseconds&#10;For documentation on this error, please visit: http://seleniumhq.org/exceptions/no_such_element.html&#10;Build info: version: &apos;3.14.0&apos;, revision: &apos;aacccce0&apos;, time: &apos;2018-08-02T20:19:58.91Z&apos;&#10;System info: host: &apos;osboxes&apos;, ip: &apos;127.0.1.1&apos;, os.name: &apos;Linux&apos;, os.arch: &apos;amd64&apos;, os.version: &apos;4.18.0-17-generic&apos;, java.version: &apos;1.8.0_212&apos;&#10;Driver info: org.openqa.selenium.remote.RemoteWebDriver&#10;Capabilities {acceptInsecureCerts: false, acceptSslCerts: false, applicationCacheEnabled: false, browserConnectionEnabled: false, browserName: chrome, chrome: {chromedriverVersion: 2.43.600233 (523efee95e3d68..., userDataDir: /tmp/.org.chromium.Chromium...}, cssSelectorsEnabled: true, databaseEnabled: false, goog:chromeOptions: {debuggerAddress: localhost:44587}, handlesAlerts: true, hasTouchScreen: false, javascriptEnabled: true, locationContextEnabled: true, mobileEmulationEnabled: false, nativeEvents: true, networkConnectionEnabled: false, pageLoadStrategy: normal, platform: LINUX, platformName: LINUX, rotatable: false, setWindowRect: true, takesHeapSnapshot: true, takesScreenshot: true, unexpectedAlertBehaviour: , unhandledPromptBehavior: , version: 70.0.3538.77, webStorageEnabled: true, webdriver.remote.sessionid: 555ff574d90e5f17b6839294fbd...}&#10;Session ID: 555ff574d90e5f17b6839294fbd6898c&#10;*** Element info: {Using=id, value=nickname}" type="org.openqa.selenium.NoSuchElementException">org.openqa.selenium.NoSuchElementException: 
no such element: Unable to locate element: {"method":"id","selector":"nickname"}
  (Session info: chrome=70.0.3538.77)
  (Driver info: chromedriver=2.43.600233 (523efee95e3d68b8719b3a1c83051aa63aa6b10d),platform=Linux 4.18.0-17-generic x86_64) (WARNING: The server did not provide any stacktrace information)
Command duration or timeout: 0 milliseconds
For documentation on this error, please visit: http://seleniumhq.org/exceptions/no_such_element.html
Build info: version: '3.14.0', revision: 'aacccce0', time: '2018-08-02T20:19:58.91Z'
System info: host: 'osboxes', ip: '127.0.1.1', os.name: 'Linux', os.arch: 'amd64', os.version: '4.18.0-17-generic', java.version: '1.8.0_212'
Driver info: org.openqa.selenium.remote.RemoteWebDriver
Capabilities {acceptInsecureCerts: false, acceptSslCerts: false, applicationCacheEnabled: false, browserConnectionEnabled: false, browserName: chrome, chrome: {chromedriverVersion: 2.43.600233 (523efee95e3d68..., userDataDir: /tmp/.org.chromium.Chromium...}, cssSelectorsEnabled: true, databaseEnabled: false, goog:chromeOptions: {debuggerAddress: localhost:44587}, handlesAlerts: true, hasTouchScreen: false, javascriptEnabled: true, locationContextEnabled: true, mobileEmulationEnabled: false, nativeEvents: true, networkConnectionEnabled: false, pageLoadStrategy: normal, platform: LINUX, platformName: LINUX, rotatable: false, setWindowRect: true, takesHeapSnapshot: true, takesScreenshot: true, unexpectedAlertBehaviour: , unhandledPromptBehavior: , version: 70.0.3538.77, webStorageEnabled: true, webdriver.remote.sessionid: 555ff574d90e5f17b6839294fbd...}
Session ID: 555ff574d90e5f17b6839294fbd6898c
*** Element info: {Using=id, value=nickname}
	at es.codeurjc.ais.tictactoe.WebAppContainerTest.test(WebAppContainerTest.java:108)
</error>
    <system-out><![CDATA[2019-05-24 08:54:30.470  INFO 537 --- [           main] o.t.containers.SeleniumUtils             : Selenium API version 3.14.0 detected on classpath
2019-05-24 08:54:30.500  INFO 537 --- [           main] ?.14.0]                                  : Creating container for image: selenium/standalone-chrome-debug:3.14.0
2019-05-24 08:54:30.501  WARN 537 --- [           main] o.t.utility.RegistryAuthLocator          : Failure when attempting to lookup auth config (dockerImageName: selenium/standalone-chrome-debug:3.14.0, configFile: /home/osboxes/.docker/config.json. Falling back to docker-java default behaviour. Exception message: /home/osboxes/.docker/config.json (No such file or directory)
2019-05-24 08:54:30.608  INFO 537 --- [           main] ?.14.0]                                  : Starting container with ID: d03b77dd4b2647b2138a057dfe2ed00c63078e93bebae618b2f4432ef81e3c2c
2019-05-24 08:54:32.012  INFO 537 --- [           main] ?.14.0]                                  : Container selenium/standalone-chrome-debug:3.14.0 is starting: d03b77dd4b2647b2138a057dfe2ed00c63078e93bebae618b2f4432ef81e3c2c
2019-05-24 08:54:32.022  INFO 537 --- [           main] ?.14.0]                                  : Container selenium/standalone-chrome-debug:3.14.0 started
2019-05-24 08:54:44.146  INFO 537 --- [           main] ?.io/testcontainers/vnc-recorder:1.1.0]  : Creating container for image: quay.io/testcontainers/vnc-recorder:1.1.0
2019-05-24 08:54:44.146  WARN 537 --- [           main] o.t.utility.RegistryAuthLocator          : Failure when attempting to lookup auth config (dockerImageName: quay.io/testcontainers/vnc-recorder:1.1.0, configFile: /home/osboxes/.docker/config.json. Falling back to docker-java default behaviour. Exception message: /home/osboxes/.docker/config.json (No such file or directory)
2019-05-24 08:54:44.259  INFO 537 --- [           main] ?.io/testcontainers/vnc-recorder:1.1.0]  : Starting container with ID: d25b38264c31a4da3dc2f14a807ef5ee203d4d91581921315824d748f135a1d8
2019-05-24 08:54:45.468  INFO 537 --- [           main] ?.io/testcontainers/vnc-recorder:1.1.0]  : Container quay.io/testcontainers/vnc-recorder:1.1.0 is starting: d25b38264c31a4da3dc2f14a807ef5ee203d4d91581921315824d748f135a1d8
2019-05-24 08:54:45.650  INFO 537 --- [           main] ?.io/testcontainers/vnc-recorder:1.1.0]  : Container quay.io/testcontainers/vnc-recorder:1.1.0 started
2019-05-24 08:54:45.662  INFO 537 --- [           main] o.t.containers.SeleniumUtils             : Selenium API version 3.14.0 detected on classpath
2019-05-24 08:54:45.666  INFO 537 --- [           main] ?.14.0]                                  : Creating container for image: selenium/standalone-chrome-debug:3.14.0
2019-05-24 08:54:45.681  WARN 537 --- [           main] o.t.utility.RegistryAuthLocator          : Failure when attempting to lookup auth config (dockerImageName: selenium/standalone-chrome-debug:3.14.0, configFile: /home/osboxes/.docker/config.json. Falling back to docker-java default behaviour. Exception message: /home/osboxes/.docker/config.json (No such file or directory)
2019-05-24 08:54:45.876  INFO 537 --- [           main] ?.14.0]                                  : Starting container with ID: 03ac1f0d76b8e1b8e7c439a035e569a07c203679ac44147fb4a44e9080dfe322
2019-05-24 08:54:47.531  INFO 537 --- [           main] ?.14.0]                                  : Container selenium/standalone-chrome-debug:3.14.0 is starting: 03ac1f0d76b8e1b8e7c439a035e569a07c203679ac44147fb4a44e9080dfe322
2019-05-24 08:54:47.552  INFO 537 --- [           main] ?.14.0]                                  : Container selenium/standalone-chrome-debug:3.14.0 started
2019-05-24 08:54:58.751  INFO 537 --- [           main] ?.io/testcontainers/vnc-recorder:1.1.0]  : Creating container for image: quay.io/testcontainers/vnc-recorder:1.1.0
2019-05-24 08:54:58.752  WARN 537 --- [           main] o.t.utility.RegistryAuthLocator          : Failure when attempting to lookup auth config (dockerImageName: quay.io/testcontainers/vnc-recorder:1.1.0, configFile: /home/osboxes/.docker/config.json. Falling back to docker-java default behaviour. Exception message: /home/osboxes/.docker/config.json (No such file or directory)
2019-05-24 08:54:58.872  INFO 537 --- [           main] ?.io/testcontainers/vnc-recorder:1.1.0]  : Starting container with ID: 3e34ee53497d104e19d11d930834f829f1e3ab09660777327260fb5ef9c58708
2019-05-24 08:55:00.325  INFO 537 --- [           main] ?.io/testcontainers/vnc-recorder:1.1.0]  : Container quay.io/testcontainers/vnc-recorder:1.1.0 is starting: 3e34ee53497d104e19d11d930834f829f1e3ab09660777327260fb5ef9c58708
2019-05-24 08:55:00.568  INFO 537 --- [           main] ?.io/testcontainers/vnc-recorder:1.1.0]  : Container quay.io/testcontainers/vnc-recorder:1.1.0 started
2019-05-24 08:55:16.985  INFO 537 --- [           main] o.t.c.BrowserWebDriverContainer          : Screen recordings for test es.codeurjc.ais.tictactoe.WebAppContainerTest-test[2: Draw!] will be stored at: target/FAILED-es.codeurjc.ais.tictactoe.WebAppContainerTest-test[2: Draw!]-20190524-085516.flv
2019-05-24 08:55:19.129  INFO 537 --- [           main] o.t.c.BrowserWebDriverContainer          : Screen recordings for test es.codeurjc.ais.tictactoe.WebAppContainerTest-test[2: Draw!] will be stored at: target/FAILED-es.codeurjc.ais.tictactoe.WebAppContainerTest-test[2: Draw!]-20190524-085519.flv
]]></system-out>
  </testcase>
</testsuite>